2023-08-02 11:51:44 [WARN] c.t.f.BusinessGuiceModule - Running java version:11.0.19
2023-08-02 11:51:45 [WARN] c.t.f.r.CloudStorageHelper - Did not find (EFS) file system root - config entries 'resource.cloudStorage.efs.rootDir' missing. Will use DB binary storage.
2023-08-02 11:51:47 [WARN] c.t.f.r.VirusChecker - Virus scanning is NOT enabled. BUT 'clamAv.url' is NOT REACHABLE. Will NOT scan. Url: https://antivirus.twago.net/scan
2023-08-02 11:51:51 [WARN] c.t.f.q.SqsHelper - Using InstanceProfileCredentialsProvider.
2023-08-02 11:51:51 [WARN] c.t.f.q.SqsHelper - Successfully created AWS-SQS and AWS-S3 connection - using config entries 'aws.sqs'.
2023-08-02 11:51:51 [WARN] c.t.f.s.a.GatewayActor - GatewayActor starting up
2023-08-02 11:51:51 [WARN] c.t.f.s.a.GatewayActor - MemberUp, role 'frontend,admin,dc-default' - 'MemberUp(Member(akka://application@api-admin:9104, Up))'
2023-08-02 11:51:51 [WARN] c.t.f.s.a.GatewayActor - MemberUp, role 'frontend,freelancer,dc-default' - 'MemberUp(Member(akka://application@api-freelancer:9100, Up))'
2023-08-02 11:51:51 [WARN] c.t.f.s.a.GatewayActor - MemberUp, role 'gateway,dc-default' - 'MemberUp(Member(akka://application@api-gateway:9102, Up))'
2023-08-02 11:51:53 [WARN] c.t.f.s.a.GatewayActor - MemberUp, role 'frontend,msp,dc-default' - 'MemberUp(Member(akka://application@api-msp:9101, Up))'
2023-08-02 11:51:54 [WARN] c.t.f.s.a.GatewayActor - addKnownBackend - added Actor[akka://application@api-gateway:9102/user/backend-actor#-1420222178]
2023-08-02 11:51:54 [WARN] c.t.f.s.a.GatewayActor - addKnownBackend, list: Actor[akka://application@api-gateway:9102/user/backend-actor#-1420222178]
2023-08-02 11:51:54 [WARN] c.t.f.s.a.GatewayActor - New gateway-backend registered: 'Actor[akka://application@api-gateway:9102/user/backend-actor#-1420222178]' 
2023-08-02 11:51:54 [WARN] c.t.f.s.a.GatewayActor - addKnownBackend, list: Actor[akka://application@api-gateway:9102/user/backend-actor#-1420222178]
2023-08-02 11:51:54 [WARN] c.t.f.s.a.GatewayActor - New gateway-backend registered: 'Actor[akka://application@api-gateway:9102/user/backend-actor#-1420222178]' 
2023-08-02 11:51:56 [WARN] c.t.f.s.m.MatchingService - MatchingUtils is enabled: true BUT 'matching.query.api.url' is NOT REACHABLE. Will NOT use it. Url: http://api-matching:9005
2023-08-02 11:51:56 [WARN] msp.MspGuiceModule - Creating PlayCookieSessionStore, using secret '111' ...
2023-08-02 11:51:56 [WARN] o.p.c.c.d.AnonymousClient - Be careful when using the 'AnonymousClient': an 'AnonymousProfile' is returned and the access is granted for the request.
2023-08-02 11:51:57 [INFO] c.t.f.EBeanServerConfigStartup - onStart
2023-08-02 11:51:58 [INFO] c.t.f.r.CloudStorageHelper$CryptoUtils - Created new SecureRandom.
2023-08-02 11:51:58 [INFO] c.t.f.r.CloudStorageHelper - Initialized AES.
2023-08-02 11:51:58 [INFO] c.t.f.EBeanServerConfigStartup - onStart
2023-08-02 11:51:58 [INFO] c.t.f.LiquibaseStartupHook - Running Liquibase ..
2023-08-02 11:52:03 [INFO] c.t.f.LiquibaseStartupHook - Liquibase updated.
2023-08-02 11:52:03 [INFO] c.t.f.LiquibaseStartupHook - .. Liquibase done.
2023-08-02 11:52:03 [INFO] p.c.s.AkkaHttpServer - Listening for HTTP on /0.0.0.0:9000
2023-08-02 11:52:04 [WARN] c.t.f.s.a.GatewayActor - addKnownBackend, list: Actor[akka://application@api-gateway:9102/user/backend-actor#-1420222178]
2023-08-02 11:52:04 [WARN] c.t.f.s.a.GatewayActor - New gateway-backend registered: 'Actor[akka://application@api-gateway:9102/user/backend-actor#-1420222178]' 
2023-08-02 11:52:24 [WARN] c.t.f.s.a.GatewayActor - addKnownBackend, list: Actor[akka://application@api-gateway:9102/user/backend-actor#-1420222178]
2023-08-02 11:52:24 [WARN] c.t.f.s.a.GatewayActor - New gateway-backend registered: 'Actor[akka://application@api-gateway:9102/user/backend-actor#-1420222178]' 
2023-08-02 11:53:54 [WARN] a.s.Materializer - [outbound connection to [akka://application@api-freelancer:9100], control stream] Upstream failed, cause: StreamTcpException: The connection closed with error: Connection reset by peer
2023-08-02 11:53:58 [WARN] akka.cluster.Cluster - Cluster Node [akka://application@api-msp:9101] - Marking node as UNREACHABLE [Member(akka://application@api-freelancer:9100, Up)].
2023-08-02 11:54:10 [WARN] a.r.a.Association - Outbound message stream to [akka://application@api-freelancer:9100] failed. Restarting it. akka.stream.StreamTcpException: Tcp command [Connect(api-freelancer:9100,None,List(),Some(5000 milliseconds),true)] failed because of java.net.UnknownHostException: api-freelancer
2023-08-02 11:54:21 [WARN] a.r.a.Association - Association to [akka://application@api-freelancer:9100] with UID [-6824711786489535628] is irrecoverably failed. UID is now quarantined and all messages to this UID will be delivered to dead letters. Remote ActorSystem must be restarted to recover from this situation. Reason: Cluster member removed, previous status [Down]
2023-08-02 12:21:39 [WARN] c.t.f.s.a.GatewayActor - MemberUp, role 'frontend,freelancer,dc-default' - 'MemberUp(Member(akka://application@api-freelancer:9100, Up))'
2023-08-02 12:23:47 [WARN] akka.cluster.Cluster - Cluster Node [akka://application@api-msp:9101] - Marking node as UNREACHABLE [Member(akka://application@api-freelancer:9100, Up)].
2023-08-02 12:24:08 [WARN] a.r.a.Association - Association to [akka://application@api-freelancer:9100] with UID [-5156625462129854807] is irrecoverably failed. UID is now quarantined and all messages to this UID will be delivered to dead letters. Remote ActorSystem must be restarted to recover from this situation. Reason: Cluster member removed, previous status [Down]
2023-08-02 12:38:39 [INFO] p.c.s.AkkaHttpServer - Stopping Akka HTTP server...
2023-08-02 12:38:39 [INFO] p.c.s.AkkaHttpServer - Terminating server binding for /0.0.0.0:9000
2023-08-02 12:38:40 [WARN] c.t.f.s.a.GatewayActor - Existing gateway-backend terminated: 'Actor[akka://application@api-gateway:9102/user/backend-actor#-1420222178]'
2023-08-02 12:38:40 [INFO] p.c.s.AkkaHttpServer - Running provided shutdown stop hooks
2023-08-02 12:40:46 [WARN] c.t.f.BusinessGuiceModule - Running java version:11.0.19
2023-08-02 12:40:48 [WARN] c.t.f.r.CloudStorageHelper - Did not find (EFS) file system root - config entries 'resource.cloudStorage.efs.rootDir' missing. Will use DB binary storage.
2023-08-02 12:40:50 [WARN] c.t.f.r.VirusChecker - Virus scanning is NOT enabled. BUT 'clamAv.url' is NOT REACHABLE. Will NOT scan. Url: https://antivirus.twago.net/scan
2023-08-02 12:40:54 [WARN] c.t.f.q.SqsHelper - Using InstanceProfileCredentialsProvider.
2023-08-02 12:40:55 [WARN] c.t.f.q.SqsHelper - Successfully created AWS-SQS and AWS-S3 connection - using config entries 'aws.sqs'.
2023-08-02 12:40:55 [WARN] c.t.f.s.a.GatewayActor - GatewayActor starting up
2023-08-02 12:40:56 [WARN] c.t.f.s.a.GatewayActor - MemberUp, role 'frontend,admin,dc-default' - 'MemberUp(Member(akka://application@api-admin:9104, Up))'
2023-08-02 12:40:56 [WARN] c.t.f.s.a.GatewayActor - MemberUp, role 'frontend,freelancer,dc-default' - 'MemberUp(Member(akka://application@api-freelancer:9100, Up))'
2023-08-02 12:40:56 [WARN] c.t.f.s.a.GatewayActor - MemberUp, role 'gateway,dc-default' - 'MemberUp(Member(akka://application@api-gateway:9102, Up))'
2023-08-02 12:40:56 [WARN] c.t.f.s.a.GatewayActor - addKnownBackend - added Actor[akka://application@api-gateway:9102/user/backend-actor#7819343]
2023-08-02 12:40:56 [WARN] c.t.f.s.a.GatewayActor - addKnownBackend, list: Actor[akka://application@api-gateway:9102/user/backend-actor#7819343]
2023-08-02 12:40:56 [WARN] c.t.f.s.a.GatewayActor - New gateway-backend registered: 'Actor[akka://application@api-gateway:9102/user/backend-actor#7819343]' 
2023-08-02 12:40:56 [WARN] c.t.f.s.a.GatewayActor - addKnownBackend, list: Actor[akka://application@api-gateway:9102/user/backend-actor#7819343]
2023-08-02 12:40:56 [WARN] c.t.f.s.a.GatewayActor - New gateway-backend registered: 'Actor[akka://application@api-gateway:9102/user/backend-actor#7819343]' 
2023-08-02 12:40:56 [WARN] c.t.f.s.a.GatewayActor - MemberUp, role 'frontend,msp,dc-default' - 'MemberUp(Member(akka://application@api-msp:9101, Up))'
2023-08-02 12:41:01 [WARN] c.t.f.s.m.MatchingService - MatchingUtils is enabled: true BUT 'matching.query.api.url' is NOT REACHABLE. Will NOT use it. Url: http://api-matching:9005
2023-08-02 12:41:01 [WARN] msp.MspGuiceModule - Creating PlayCookieSessionStore, using secret '111' ...
2023-08-02 12:41:01 [WARN] o.p.c.c.d.AnonymousClient - Be careful when using the 'AnonymousClient': an 'AnonymousProfile' is returned and the access is granted for the request.
2023-08-02 12:41:02 [INFO] c.t.f.EBeanServerConfigStartup - onStart
2023-08-02 12:41:03 [INFO] c.t.f.r.CloudStorageHelper$CryptoUtils - Created new SecureRandom.
2023-08-02 12:41:03 [INFO] c.t.f.r.CloudStorageHelper - Initialized AES.
2023-08-02 12:41:03 [INFO] c.t.f.EBeanServerConfigStartup - onStart
2023-08-02 12:41:04 [INFO] c.t.f.LiquibaseStartupHook - Running Liquibase ..
2023-08-02 12:41:06 [WARN] c.t.f.s.a.GatewayActor - addKnownBackend, list: Actor[akka://application@api-gateway:9102/user/backend-actor#7819343]
2023-08-02 12:41:06 [WARN] c.t.f.s.a.GatewayActor - New gateway-backend registered: 'Actor[akka://application@api-gateway:9102/user/backend-actor#7819343]' 
2023-08-02 12:41:09 [INFO] c.t.f.LiquibaseStartupHook - Liquibase updated.
2023-08-02 12:41:09 [INFO] c.t.f.LiquibaseStartupHook - .. Liquibase done.
2023-08-02 12:41:10 [INFO] p.c.s.AkkaHttpServer - Listening for HTTP on /0.0.0.0:9000
2023-08-02 12:41:26 [WARN] c.t.f.s.a.GatewayActor - addKnownBackend, list: Actor[akka://application@api-gateway:9102/user/backend-actor#7819343]
2023-08-02 12:41:26 [WARN] c.t.f.s.a.GatewayActor - New gateway-backend registered: 'Actor[akka://application@api-gateway:9102/user/backend-actor#7819343]' 
2023-08-02 12:43:02 [WARN] akka.cluster.Cluster - Cluster Node [akka://application@api-msp:9101] - Marking node as UNREACHABLE [Member(akka://application@api-freelancer:9100, Up)].
2023-08-02 12:43:13 [WARN] s.f.CurrentContextFilter - No client found for hostname: api-msp:9000
2023-08-02 12:43:24 [WARN] a.r.a.Association - Association to [akka://application@api-freelancer:9100] with UID [6724525461684557576] is irrecoverably failed. UID is now quarantined and all messages to this UID will be delivered to dead letters. Remote ActorSystem must be restarted to recover from this situation. Reason: Cluster member removed, previous status [Down]
2023-08-02 12:43:45 [WARN] s.f.CurrentContextFilter - No client found for hostname: api-msp:9000
2023-08-02 12:43:45 [WARN] s.f.CurrentContextFilter - No client found for hostname: api-msp:9000
2023-08-02 12:43:46 [WARN] s.f.CurrentContextFilter - No client found for hostname: api-msp:9000
2023-08-02 12:59:44 [WARN] c.t.f.s.a.GatewayActor - MemberUp, role 'frontend,freelancer,dc-default' - 'MemberUp(Member(akka://application@api-freelancer:9100, Up))'
2023-08-02 14:24:00 [WARN] c.z.h.pool.PoolBase - HikariPool-2 - Failed to validate connection com.mysql.cj.jdbc.ConnectionImpl@26689149 (No operations allowed after connection closed.). Possibly consider using a shorter maxLifetime value.
